#
# There is insufficient memory for the Java Runtime Environment to continue.
# Native memory allocation (mmap) failed to map 353370112 bytes for committing reserved memory.
# Possible reasons:
#   The system is out of physical RAM or swap space
#   The process is running with CompressedOops enabled, and the Java Heap may be blocking the growth of the native heap
# Possible solutions:
#   Reduce memory load on the system
#   Increase physical memory or swap space
#   Check if swap backing store is full
#   Decrease Java heap size (-Xmx/-Xms)
#   Decrease number of Java threads
#   Decrease Java thread stack sizes (-Xss)
#   Set larger code cache with -XX:ReservedCodeCacheSize=
#   JVM is running with Zero Based Compressed Oops mode in which the Java heap is
#     placed in the first 32GB address space. The Java Heap base address is the
#     maximum limit for the native heap growth. Please use -XX:HeapBaseMinAddress
#     to set the Java Heap base and to place the Java Heap above 32GB virtual address.
# This output file may be truncated or incomplete.
#
#  Out of Memory Error (os_linux.cpp:2792), pid=3433, tid=0x00007f92313af700
#
# JRE version: OpenJDK Runtime Environment (8.0_272-b10) (build 1.8.0_272-8u272-b10-0ubuntu1~16.04-b10)
# Java VM: OpenJDK 64-Bit Server VM (25.272-b10 mixed mode linux-amd64 compressed oops)
# Failed to write core dump. Core dumps have been disabled. To enable core dumping, try "ulimit -c unlimited" before starting Java again
#

---------------  T H R E A D  ---------------

Current thread (0x00007f925c081800):  VMThread [stack: 0x00007f92312af000,0x00007f92313b0000] [id=3443]

Stack: [0x00007f92312af000,0x00007f92313b0000],  sp=0x00007f92313ae360,  free space=1020k
Native frames: (J=compiled Java code, j=interpreted, Vv=VM code, C=native code)
V  [libjvm.so+0xb1ddfb]
V  [libjvm.so+0x4e018c]
V  [libjvm.so+0x95b568]
V  [libjvm.so+0x952a1e]
V  [libjvm.so+0x9d43c6]
V  [libjvm.so+0x9c346a]
V  [libjvm.so+0x9c3673]
V  [libjvm.so+0x9c3fd8]
V  [libjvm.so+0x9ca30e]
V  [libjvm.so+0x9d1f4d]
V  [libjvm.so+0x983473]
V  [libjvm.so+0xb1faf2]
V  [libjvm.so+0xb257e7]
V  [libjvm.so+0xb232c3]
V  [libjvm.so+0xb23665]
V  [libjvm.so+0xb23c32]
V  [libjvm.so+0x958732]

VM_Operation (0x00007f922b6f7d70): ParallelGCFailedAllocation, mode: safepoint, requested by thread 0x00007f91f0003800


---------------  P R O C E S S  ---------------

Java Threads: ( => current thread )
  0x00007f91f0003800 JavaThread "pool-1-thread-2" [_thread_blocked, id=3456, stack(0x00007f922b5fa000,0x00007f922b6fb000)]
  0x00007f91f0001800 JavaThread "pool-1-thread-1" [_thread_blocked, id=3455, stack(0x00007f922b6fb000,0x00007f922b7fc000)]
  0x00007f925c00b800 JavaThread "DestroyJavaVM" [_thread_blocked, id=3434, stack(0x00007f9264220000,0x00007f9264321000)]
  0x00007f925c3fd800 JavaThread "Thread-3" [_thread_blocked, id=3454, stack(0x00007f922b7fc000,0x00007f922b8fd000)]
  0x00007f925c3f8800 JavaThread "server-timer" daemon [_thread_blocked, id=3453, stack(0x00007f922b8fd000,0x00007f922b9fe000)]
  0x00007f925c0d5800 JavaThread "Service Thread" daemon [_thread_blocked, id=3451, stack(0x00007f92300e8000,0x00007f92301e9000)]
  0x00007f925c0ca000 JavaThread "C1 CompilerThread3" daemon [_thread_blocked, id=3450, stack(0x00007f92301e9000,0x00007f92302ea000)]
  0x00007f925c0c8000 JavaThread "C2 CompilerThread2" daemon [_thread_blocked, id=3449, stack(0x00007f92302ea000,0x00007f92303eb000)]
  0x00007f925c0c6800 JavaThread "C2 CompilerThread1" daemon [_thread_blocked, id=3448, stack(0x00007f92303eb000,0x00007f92304ec000)]
  0x00007f925c0c3800 JavaThread "C2 CompilerThread0" daemon [_thread_blocked, id=3447, stack(0x00007f92304ec000,0x00007f92305ed000)]
  0x00007f925c0c0800 JavaThread "Signal Dispatcher" daemon [_thread_blocked, id=3446, stack(0x00007f92305ed000,0x00007f92306ee000)]
  0x00007f925c090000 JavaThread "Finalizer" daemon [_thread_blocked, id=3445, stack(0x00007f92310ad000,0x00007f92311ae000)]
  0x00007f925c08b800 JavaThread "Reference Handler" daemon [_thread_blocked, id=3444, stack(0x00007f92311ae000,0x00007f92312af000)]

Other Threads:
=>0x00007f925c081800 VMThread [stack: 0x00007f92312af000,0x00007f92313b0000] [id=3443]
  0x00007f925c0d8000 WatcherThread [stack: 0x00007f922beff000,0x00007f922c000000] [id=3452]

VM state:at safepoint (normal execution)

VM Mutex/Monitor currently owned by a thread:  ([mutex/lock_event])
[0x00007f925c007680] ExpandHeap_lock - owner thread: 0x00007f925c081800
[0x00007f925c007d00] Threads_lock - owner thread: 0x00007f925c081800
[0x00007f925c008200] Heap_lock - owner thread: 0x00007f91f0003800

heap address: 0x00000006c0000000, size: 4096 MB, Compressed Oops mode: Zero based, Oop shift amount: 3
Narrow klass base: 0x0000000000000000, Narrow klass shift: 3
Compressed class space size: 1073741824 Address: 0x00000007c0000000

Heap:
 PSYoungGen      total 411648K, used 106425K [0x000000076ab00000, 0x000000079e180000, 0x00000007c0000000)
  eden space 116736K, 0% used [0x000000076ab00000,0x000000076ab00000,0x0000000771d00000)
  from space 294912K, 36% used [0x0000000786880000,0x000000078d06e510,0x0000000798880000)
  to   space 339456K, 0% used [0x0000000771d00000,0x0000000771d00000,0x0000000786880000)
 ParOldGen       total 927232K, used 927072K [0x00000006c0000000, 0x00000006f8980000, 0x000000076ab00000)
  object space 927232K, 99% used [0x00000006c0000000,0x00000006f8958190,0x00000006f8980000)
 Metaspace       used 8935K, capacity 9276K, committed 9344K, reserved 1056768K
  class space    used 997K, capacity 1115K, committed 1152K, reserved 1048576K

Card table byte_map: [0x00007f924c7ff000,0x00007f924d000000] byte_map_base: 0x00007f92491ff000

Marking Bits: (ParMarkBitMap*) 0x00007f92634e6860
 Begin Bits: [0x00007f921c000000, 0x00007f9220000000)
 End Bits:   [0x00007f9220000000, 0x00007f9224000000)

Polling page: 0x00007f926433a000

CodeCache: size=245760Kb used=2958Kb max_used=2970Kb free=242801Kb
 bounds [0x00007f924d000000, 0x00007f924d2f0000, 0x00007f925c000000]
 total_blobs=1098 nmethods=760 adapters=252
 compilation: enabled

Compilation events (10 events):
Event: 6.801 Thread 0x00007f925c0c6800  756       4       java.util.HashMap$TreeNode::balanceInsertion (245 bytes)
Event: 6.807 Thread 0x00007f925c0c6800 nmethod 756 0x00007f924d2e14d0 code [0x00007f924d2e1640, 0x00007f924d2e1b98]
Event: 8.020 Thread 0x00007f925c0c3800  757       4       java.util.HashMap::comparableClassFor (105 bytes)
Event: 8.020 Thread 0x00007f925c0c3800 nmethod 757 0x00007f924d2db790 code [0x00007f924d2db8e0, 0x00007f924d2db958]
Event: 8.381 Thread 0x00007f925c0c8000  758       4       java.util.HashMap$TreeNode::treeify (221 bytes)
Event: 8.405 Thread 0x00007f925c0c8000 nmethod 758 0x00007f924d2e84d0 code [0x00007f924d2e86a0, 0x00007f924d2e9458]
Event: 12.012 Thread 0x00007f925c0c6800  759       4       java.util.HashMap::treeifyBin (110 bytes)
Event: 12.015 Thread 0x00007f925c0c6800 nmethod 759 0x00007f924d2e4e10 code [0x00007f924d2e4fa0, 0x00007f924d2e52e8]
Event: 14.486 Thread 0x00007f925c0c3800  760   !   4       java.util.zip.ZipFile$ZipFileInputStream::read (131 bytes)
Event: 14.488 Thread 0x00007f925c0c3800 nmethod 760 0x00007f924d2e4390 code [0x00007f924d2e4500, 0x00007f924d2e4ac8]

GC Heap History (10 events):
Event: 14.317 GC heap after
Heap after GC invocations=21 (full 5):
 PSYoungGen      total 359936K, used 43996K [0x000000076ab00000, 0x000000078f000000, 0x00000007c0000000)
  eden space 141312K, 0% used [0x000000076ab00000,0x000000076ab00000,0x0000000773500000)
  from space 218624K, 20% used [0x0000000781a80000,0x00000007845772e0,0x000000078f000000)
  to   space 226816K, 0% used [0x0000000773500000,0x0000000773500000,0x0000000781280000)
 ParOldGen       total 927232K, used 611787K [0x00000006c0000000, 0x00000006f8980000, 0x000000076ab00000)
  object space 927232K, 65% used [0x00000006c0000000,0x00000006e5572f18,0x00000006f8980000)
 Metaspace       used 8935K, capacity 9276K, committed 9344K, reserved 1056768K
  class space    used 997K, capacity 1115K, committed 1152K, reserved 1048576K
}
Event: 14.726 GC heap before
{Heap before GC invocations=22 (full 5):
 PSYoungGen      total 359936K, used 185308K [0x000000076ab00000, 0x000000078f000000, 0x00000007c0000000)
  eden space 141312K, 100% used [0x000000076ab00000,0x0000000773500000,0x0000000773500000)
  from space 218624K, 20% used [0x0000000781a80000,0x00000007845772e0,0x000000078f000000)
  to   space 226816K, 0% used [0x0000000773500000,0x0000000773500000,0x0000000781280000)
 ParOldGen       total 927232K, used 611787K [0x00000006c0000000, 0x00000006f8980000, 0x000000076ab00000)
  object space 927232K, 65% used [0x00000006c0000000,0x00000006e5572f18,0x00000006f8980000)
 Metaspace       used 8935K, capacity 9276K, committed 9344K, reserved 1056768K
  class space    used 997K, capacity 1115K, committed 1152K, reserved 1048576K
Event: 15.003 GC heap after
Heap after GC invocations=22 (full 5):
 PSYoungGen      total 368128K, used 117536K [0x000000076ab00000, 0x000000078fa80000, 0x00000007c0000000)
  eden space 141312K, 0% used [0x000000076ab00000,0x000000076ab00000,0x0000000773500000)
  from space 226816K, 51% used [0x0000000773500000,0x000000077a7c8000,0x0000000781280000)
  to   space 221696K, 0% used [0x0000000782200000,0x0000000782200000,0x000000078fa80000)
 ParOldGen       total 927232K, used 611787K [0x00000006c0000000, 0x00000006f8980000, 0x000000076ab00000)
  object space 927232K, 65% used [0x00000006c0000000,0x00000006e5572f18,0x00000006f8980000)
 Metaspace       used 8935K, capacity 9276K, committed 9344K, reserved 1056768K
  class space    used 997K, capacity 1115K, committed 1152K, reserved 1048576K
}
Event: 15.396 GC heap before
{Heap before GC invocations=23 (full 5):
 PSYoungGen      total 368128K, used 258848K [0x000000076ab00000, 0x000000078fa80000, 0x00000007c0000000)
  eden space 141312K, 100% used [0x000000076ab00000,0x0000000773500000,0x0000000773500000)
  from space 226816K, 51% used [0x0000000773500000,0x000000077a7c8000,0x0000000781280000)
  to   space 221696K, 0% used [0x0000000782200000,0x0000000782200000,0x000000078fa80000)
 ParOldGen       total 927232K, used 792011K [0x00000006c0000000, 0x00000006f8980000, 0x000000076ab00000)
  object space 927232K, 85% used [0x00000006c0000000,0x00000006f0572f38,0x00000006f8980000)
 Metaspace       used 8935K, capacity 9276K, committed 9344K, reserved 1056768K
  class space    used 997K, capacity 1115K, committed 1152K, reserved 1048576K
Event: 15.779 GC heap after
Heap after GC invocations=23 (full 5):
 PSYoungGen      total 357888K, used 201792K [0x000000076ab00000, 0x0000000793080000, 0x00000007c0000000)
  eden space 136192K, 0% used [0x000000076ab00000,0x000000076ab00000,0x0000000773000000)
  from space 221696K, 91% used [0x0000000782200000,0x000000078e710010,0x000000078fa80000)
  to   space 247808K, 0% used [0x0000000773000000,0x0000000773000000,0x0000000782200000)
 ParOldGen       total 927232K, used 792011K [0x00000006c0000000, 0x00000006f8980000, 0x000000076ab00000)
  object space 927232K, 85% used [0x00000006c0000000,0x00000006f0572f38,0x00000006f8980000)
 Metaspace       used 8935K, capacity 9276K, committed 9344K, reserved 1056768K
  class space    used 997K, capacity 1115K, committed 1152K, reserved 1048576K
}
Event: 16.191 GC heap before
{Heap before GC invocations=24 (full 5):
 PSYoungGen      total 357888K, used 337984K [0x000000076ab00000, 0x0000000793080000, 0x00000007c0000000)
  eden space 136192K, 100% used [0x000000076ab00000,0x0000000773000000,0x0000000773000000)
  from space 221696K, 91% used [0x0000000782200000,0x000000078e710010,0x000000078fa80000)
  to   space 247808K, 0% used [0x0000000773000000,0x0000000773000000,0x0000000782200000)
 ParOldGen       total 927232K, used 792011K [0x00000006c0000000, 0x00000006f8980000, 0x000000076ab00000)
  object space 927232K, 85% used [0x00000006c0000000,0x00000006f0572f38,0x00000006f8980000)
 Metaspace       used 8935K, capacity 9276K, committed 9344K, reserved 1056768K
  class space    used 997K, capacity 1115K, committed 1152K, reserved 1048576K
Event: 16.665 GC heap after
Heap after GC invocations=24 (full 5):
 PSYoungGen      total 384000K, used 247776K [0x000000076ab00000, 0x0000000798880000, 0x00000007c0000000)
  eden space 136192K, 0% used [0x000000076ab00000,0x000000076ab00000,0x0000000773000000)
  from space 247808K, 99% used [0x0000000773000000,0x00000007821f8010,0x0000000782200000)
  to   space 294912K, 0% used [0x0000000786880000,0x0000000786880000,0x0000000798880000)
 ParOldGen       total 927232K, used 816731K [0x00000006c0000000, 0x00000006f8980000, 0x000000076ab00000)
  object space 927232K, 88% used [0x00000006c0000000,0x00000006f1d96f38,0x00000006f8980000)
 Metaspace       used 8935K, capacity 9276K, committed 9344K, reserved 1056768K
  class space    used 997K, capacity 1115K, committed 1152K, reserved 1048576K
}
Event: 17.076 GC heap before
{Heap before GC invocations=25 (full 5):
 PSYoungGen      total 384000K, used 383968K [0x000000076ab00000, 0x0000000798880000, 0x00000007c0000000)
  eden space 136192K, 100% used [0x000000076ab00000,0x0000000773000000,0x0000000773000000)
  from space 247808K, 99% used [0x0000000773000000,0x00000007821f8010,0x0000000782200000)
  to   space 294912K, 0% used [0x0000000786880000,0x0000000786880000,0x0000000798880000)
 ParOldGen       total 927232K, used 816731K [0x00000006c0000000, 0x00000006f8980000, 0x000000076ab00000)
  object space 927232K, 88% used [0x00000006c0000000,0x00000006f1d96f38,0x00000006f8980000)
 Metaspace       used 8935K, capacity 9276K, committed 9344K, reserved 1056768K
  class space    used 997K, capacity 1115K, committed 1152K, reserved 1048576K
Event: 17.584 GC heap after
Heap after GC invocations=25 (full 5):
 PSYoungGen      total 411648K, used 290976K [0x000000076ab00000, 0x000000079e180000, 0x00000007c0000000)
  eden space 116736K, 0% used [0x000000076ab00000,0x000000076ab00000,0x0000000771d00000)
  from space 294912K, 98% used [0x0000000786880000,0x00000007984a8010,0x0000000798880000)
  to   space 339456K, 0% used [0x0000000771d00000,0x0000000771d00000,0x0000000786880000)
 ParOldGen       total 927232K, used 844507K [0x00000006c0000000, 0x00000006f8980000, 0x000000076ab00000)
  object space 927232K, 91% used [0x00000006c0000000,0x00000006f38b6f38,0x00000006f8980000)
 Metaspace       used 8935K, capacity 9276K, committed 9344K, reserved 1056768K
  class space    used 997K, capacity 1115K, committed 1152K, reserved 1048576K
}
Event: 17.584 GC heap before
{Heap before GC invocations=26 (full 6):
 PSYoungGen      total 411648K, used 290976K [0x000000076ab00000, 0x000000079e180000, 0x00000007c0000000)
  eden space 116736K, 0% used [0x000000076ab00000,0x000000076ab00000,0x0000000771d00000)
  from space 294912K, 98% used [0x0000000786880000,0x00000007984a8010,0x0000000798880000)
  to   space 339456K, 0% used [0x0000000771d00000,0x0000000771d00000,0x0000000786880000)
 ParOldGen       total 927232K, used 844507K [0x00000006c0000000, 0x00000006f8980000, 0x000000076ab00000)
  object space 927232K, 91% used [0x00000006c0000000,0x00000006f38b6f38,0x00000006f8980000)
 Metaspace       used 8935K, capacity 9276K, committed 9344K, reserved 1056768K
  class space    used 997K, capacity 1115K, committed 1152K, reserved 1048576K

Deoptimization events (1 events):
Event: 0.176 Thread 0x00007f925c00b800 Uncommon trap: reason=unstable_if action=reinterpret pc=0x00007f924d1a2d60 method=java.lang.String.replace(CC)Ljava/lang/String; @ 2

Classes redefined (0 events):
No events

Internal exceptions (10 events):
Event: 0.015 Thread 0x00007f925c00b800 Exception <a 'java/lang/NoSuchMethodError': Method sun.misc.Unsafe.defineClass(Ljava/lang/String;[BII)Ljava/lang/Class; name or signature does not match> (0x000000076ab07cc0) thrown at [/build/openjdk-8-YkbR4m/openjdk-8-8u272-b10/src/hotspot/src/share/vm/
Event: 0.015 Thread 0x00007f925c00b800 Exception <a 'java/lang/NoSuchMethodError': Method sun.misc.Unsafe.prefetchRead(Ljava/lang/Object;J)V name or signature does not match> (0x000000076ab07fa8) thrown at [/build/openjdk-8-YkbR4m/openjdk-8-8u272-b10/src/hotspot/src/share/vm/prims/jni.cpp, lin
Event: 0.117 Thread 0x00007f925c00b800 Exception <a 'java/lang/NoSuchFieldError': method resolution failed> (0x000000076adbc528) thrown at [/build/openjdk-8-YkbR4m/openjdk-8-8u272-b10/src/hotspot/src/share/vm/prims/methodHandles.cpp, line 1169]
Event: 0.118 Thread 0x00007f925c00b800 Exception <a 'java/lang/NoSuchFieldError': method resolution failed> (0x000000076adc98d8) thrown at [/build/openjdk-8-YkbR4m/openjdk-8-8u272-b10/src/hotspot/src/share/vm/prims/methodHandles.cpp, line 1169]
Event: 0.175 Thread 0x00007f925c00b800 Exception <a 'java/security/PrivilegedActionException'> (0x000000076b091258) thrown at [/build/openjdk-8-YkbR4m/openjdk-8-8u272-b10/src/hotspot/src/share/vm/prims/jvm.cpp, line 1523]
Event: 0.175 Thread 0x00007f925c00b800 Exception <a 'java/security/PrivilegedActionException'> (0x000000076b091468) thrown at [/build/openjdk-8-YkbR4m/openjdk-8-8u272-b10/src/hotspot/src/share/vm/prims/jvm.cpp, line 1523]
Event: 0.176 Thread 0x00007f925c00b800 Exception <a 'java/security/PrivilegedActionException'> (0x000000076b093d70) thrown at [/build/openjdk-8-YkbR4m/openjdk-8-8u272-b10/src/hotspot/src/share/vm/prims/jvm.cpp, line 1523]
Event: 0.176 Thread 0x00007f925c00b800 Exception <a 'java/security/PrivilegedActionException'> (0x000000076b093f80) thrown at [/build/openjdk-8-YkbR4m/openjdk-8-8u272-b10/src/hotspot/src/share/vm/prims/jvm.cpp, line 1523]
Event: 5.098 Thread 0x00007f91f0003800 Exception <a 'java/lang/IncompatibleClassChangeError': Found class java.lang.Object, but interface was expected> (0x000000076b76c478) thrown at [/build/openjdk-8-YkbR4m/openjdk-8-8u272-b10/src/hotspot/src/share/vm/interpreter/linkResolver.cpp, line 653]
Event: 5.153 Thread 0x00007f91f0003800 Exception <a 'java/lang/NoSuchMethodError': java.lang.Object.lambda$comparing$77a9974f$1(Ljava/util/function/Function;Ljava/lang/Object;Ljava/lang/Object;)I> (0x000000076b9cf5f8) thrown at [/build/openjdk-8-YkbR4m/openjdk-8-8u272-b10/src/hotspot/src/share

Events (10 events):
Event: 11.812 Executing VM operation: ParallelGCFailedAllocation done
Event: 12.096 Executing VM operation: ParallelGCFailedAllocation
Event: 14.317 Executing VM operation: ParallelGCFailedAllocation done
Event: 14.726 Executing VM operation: ParallelGCFailedAllocation
Event: 15.003 Executing VM operation: ParallelGCFailedAllocation done
Event: 15.395 Executing VM operation: ParallelGCFailedAllocation
Event: 15.779 Executing VM operation: ParallelGCFailedAllocation done
Event: 16.191 Executing VM operation: ParallelGCFailedAllocation
Event: 16.665 Executing VM operation: ParallelGCFailedAllocation done
Event: 17.076 Executing VM operation: ParallelGCFailedAllocation


Dynamic libraries:
6c0000000-6f8980000 rw-p 00000000 00:00 0 
70da80000-76ab00000 ---p 00000000 00:00 0 
76ab00000-79e180000 rw-p 00000000 00:00 0 
79e180000-7c0000000 ---p 00000000 00:00 0 
7c0000000-7c0120000 rw-p 00000000 00:00 0 
7c0120000-800000000 ---p 00000000 00:00 0 
55dffa377000-55dffa378000 r-xp 00000000 103:07 936684                    /usr/lib/jvm/java-8-openjdk-amd64/jre/bin/java
55dffa577000-55dffa578000 r--p 00000000 103:07 936684                    /usr/lib/jvm/java-8-openjdk-amd64/jre/bin/java
55dffa578000-55dffa579000 rw-p 00001000 103:07 936684                    /usr/lib/jvm/java-8-openjdk-amd64/jre/bin/java
55dffb60e000-55dffb62f000 rw-p 00000000 00:00 0                          [heap]
7f91e4000000-7f91e4021000 rw-p 00000000 00:00 0 
7f91e4021000-7f91e8000000 ---p 00000000 00:00 0 
7f91e8000000-7f91e8123000 rw-p 00000000 00:00 0 
7f91e8123000-7f91ec000000 ---p 00000000 00:00 0 
7f91ec000000-7f91ec021000 rw-p 00000000 00:00 0 
7f91ec021000-7f91f0000000 ---p 00000000 00:00 0 
7f91f0000000-7f91f0021000 rw-p 00000000 00:00 0 
7f91f0021000-7f91f4000000 ---p 00000000 00:00 0 
7f91f4000000-7f91f4021000 rw-p 00000000 00:00 0 
7f91f4021000-7f91f8000000 ---p 00000000 00:00 0 
7f91f8000000-7f91f8021000 rw-p 00000000 00:00 0 
7f91f8021000-7f91fc000000 ---p 00000000 00:00 0 
7f91fc000000-7f91fc234000 rw-p 00000000 00:00 0 
7f91fc234000-7f9200000000 ---p 00000000 00:00 0 
7f9200000000-7f9200249000 rw-p 00000000 00:00 0 
7f9200249000-7f9204000000 ---p 00000000 00:00 0 
7f9204000000-7f9204434000 rw-p 00000000 00:00 0 
7f9204434000-7f9208000000 ---p 00000000 00:00 0 
7f9208000000-7f9208336000 rw-p 00000000 00:00 0 
7f9208336000-7f920c000000 ---p 00000000 00:00 0 
7f920c000000-7f920c021000 rw-p 00000000 00:00 0 
7f920c021000-7f9210000000 ---p 00000000 00:00 0 
7f9210000000-7f9210021000 rw-p 00000000 00:00 0 
7f9210021000-7f9214000000 ---p 00000000 00:00 0 
7f9214000000-7f9214021000 rw-p 00000000 00:00 0 
7f9214021000-7f9218000000 ---p 00000000 00:00 0 
7f9218000000-7f9218021000 rw-p 00000000 00:00 0 
7f9218021000-7f921c000000 ---p 00000000 00:00 0 
7f921c000000-7f9224000000 rw-p 00000000 00:00 0 
7f9224000000-7f92251b9000 rw-p 00000000 00:00 0 
7f92251b9000-7f9228000000 ---p 00000000 00:00 0 
7f922b5d2000-7f922b5d9000 r--s 00000000 103:07 1444639                   /usr/lib/x86_64-linux-gnu/gconv/gconv-modules.cache
7f922b5d9000-7f922b5fa000 r--p 00000000 103:07 2255814                   /usr/share/locale-langpack/zh_CN/LC_MESSAGES/libc.mo
7f922b5fa000-7f922b5fd000 ---p 00000000 00:00 0 
7f922b5fd000-7f922b6fb000 rw-p 00000000 00:00 0 
7f922b6fb000-7f922b6fe000 ---p 00000000 00:00 0 
7f922b6fe000-7f922b7fc000 rw-p 00000000 00:00 0 
7f922b7fc000-7f922b7ff000 ---p 00000000 00:00 0 
7f922b7ff000-7f922b8fd000 rw-p 00000000 00:00 0 
7f922b8fd000-7f922b900000 ---p 00000000 00:00 0 
7f922b900000-7f922b9fe000 rw-p 00000000 00:00 0 
7f922b9fe000-7f922ba02000 r--s 0003f000 103:07 1595330                   /home/wry/stanford-corenlp-4.1.0/jaxb-api-2.4.0-b180830.0359-sources.jar
7f922ba02000-7f922ba44000 r--s 00856000 103:07 1595302                   /home/wry/stanford-corenlp-4.1.0/stanford-corenlp-4.1.0-javadoc.jar
7f922ba44000-7f922ba49000 r--s 00048000 103:07 1595321                   /home/wry/stanford-corenlp-4.1.0/ejml-ddense-0.38-sources.jar
7f922ba49000-7f922ba4d000 r--s 00027000 103:07 1595336                   /home/wry/stanford-corenlp-4.1.0/ejml-simple-0.38.jar
7f922ba4d000-7f922ba7e000 rw-p 00000000 00:00 0 
7f922ba7e000-7f922ba96000 r-xp 00000000 103:07 936614                    /usr/lib/jvm/java-8-openjdk-amd64/jre/lib/amd64/libnet.so
7f922ba96000-7f922bc95000 ---p 00018000 103:07 936614                    /usr/lib/jvm/java-8-openjdk-amd64/jre/lib/amd64/libnet.so
7f922bc95000-7f922bc96000 r--p 00017000 103:07 936614                    /usr/lib/jvm/java-8-openjdk-amd64/jre/lib/amd64/libnet.so
7f922bc96000-7f922bc97000 rw-p 00018000 103:07 936614                    /usr/lib/jvm/java-8-openjdk-amd64/jre/lib/amd64/libnet.so
7f922bc97000-7f922bca9000 r-xp 00000000 103:07 936603                    /usr/lib/jvm/java-8-openjdk-amd64/jre/lib/amd64/libnio.so
7f922bca9000-7f922bea8000 ---p 00012000 103:07 936603                    /usr/lib/jvm/java-8-openjdk-amd64/jre/lib/amd64/libnio.so
7f922bea8000-7f922bea9000 r--p 00011000 103:07 936603                    /usr/lib/jvm/java-8-openjdk-amd64/jre/lib/amd64/libnio.so
7f922bea9000-7f922beaa000 rw-p 00012000 103:07 936603                    /usr/lib/jvm/java-8-openjdk-amd64/jre/lib/amd64/libnio.so
7f922beaa000-7f922beff000 r--s 007ac000 103:07 1595307                   /home/wry/stanford-corenlp-4.1.0/stanford-corenlp-4.1.0.jar
7f922beff000-7f922bf00000 ---p 00000000 00:00 0 
7f922bf00000-7f922c000000 rw-p 00000000 00:00 0 
7f922c000000-7f922d542000 rw-p 00000000 00:00 0 
7f922d542000-7f9230000000 ---p 00000000 00:00 0 
7f9230001000-7f9230012000 r--s 0017f000 103:07 1595367                   /home/wry/stanford-corenlp-4.1.0/protobuf.jar
7f9230012000-7f9230017000 r--s 0004d000 103:07 1595356                   /home/wry/stanford-corenlp-4.1.0/ejml-ddense-0.38.jar
7f9230017000-7f923001c000 r--s 000c4000 103:07 1595363                   /home/wry/stanford-corenlp-4.1.0/joda-time-2.10.5-sources.jar
7f923001c000-7f9230021000 r--s 0002c000 103:07 1595366                   /home/wry/stanford-corenlp-4.1.0/jollyday-0.4.9-sources.jar
7f9230021000-7f9230026000 r--s 00030000 103:07 1595326                   /home/wry/stanford-corenlp-4.1.0/jollyday.jar
7f9230026000-7f923002a000 r--s 0002a000 103:07 1595306                   /home/wry/stanford-corenlp-4.1.0/ejml-core-0.38.jar
7f923002a000-7f9230030000 r--s 0004f000 103:07 1595350                   /home/wry/stanford-corenlp-4.1.0/jaxb-core-2.3.0.1-sources.jar
7f9230030000-7f9230037000 r--s 00049000 103:07 1595344                   /home/wry/stanford-corenlp-4.1.0/xom.jar
7f9230037000-7f9230039000 r--s 0000c000 103:07 1595360                   /home/wry/stanford-corenlp-4.1.0/javax.json-api-1.0-sources.jar
7f9230039000-7f9230042000 r--s 1c4a7000 103:07 1595328                   /home/wry/stanford-corenlp-4.1.0/stanford-corenlp-4.1.0-models.jar
7f9230042000-7f9230045000 r--s 00012000 103:07 1595343                   /home/wry/stanford-corenlp-4.1.0/javax.json.jar
7f9230045000-7f923004a000 r--s 4d777000 103:07 1595369                   /home/wry/stanford-corenlp-4.1.0/stanford-chinese-corenlp-2018-10-05-models.jar
7f923004a000-7f9230059000 r--s 00106000 103:07 1595355                   /home/wry/stanford-corenlp-4.1.0/jaxb-impl-2.4.0-b180830.0438-sources.jar
7f9230059000-7f923007c000 r--s 00523000 103:07 1595358                   /home/wry/stanford-corenlp-4.1.0/stanford-corenlp-4.1.0-sources.jar
7f923007c000-7f9230080000 r--s 0002b000 103:07 1595303                   /home/wry/stanford-corenlp-4.1.0/ejml-core-0.38-sources.jar
7f9230080000-7f9230090000 r--s 0008d000 103:07 1595334                   /home/wry/stanford-corenlp-4.1.0/joda-time.jar
7f9230090000-7f9230098000 r--s 00039000 103:07 1595332                   /home/wry/stanford-corenlp-4.1.0/jaxb-core-2.3.0.1.jar
7f9230098000-7f92300b2000 r--s 000fa000 103:07 1595325                   /home/wry/stanford-corenlp-4.1.0/jaxb-impl-2.4.0-b180830.0438.jar
7f92300b2000-7f92300cd000 r--s 001d6000 103:07 922318                    /usr/lib/jvm/java-8-openjdk-amd64/jre/lib/ext/nashorn.jar
7f92300cd000-7f92300e8000 r--s 00394000 103:07 922323                    /usr/lib/jvm/java-8-openjdk-amd64/jre/lib/ext/cldrdata.jar
7f92300e8000-7f92300eb000 ---p 00000000 00:00 0 
7f92300eb000-7f92301e9000 rw-p 00000000 00:00 0 
7f92301e9000-7f92301ec000 ---p 00000000 00:00 0 
7f92301ec000-7f92302ea000 rw-p 00000000 00:00 0 
7f92302ea000-7f92302ed000 ---p 00000000 00:00 0 
7f92302ed000-7f92303eb000 rw-p 00000000 00:00 0 
7f92303eb000-7f92303ee000 ---p 00000000 00:00 0 
7f92303ee000-7f92304ec000 rw-p 00000000 00:00 0 
7f92304ec000-7f92304ef000 ---p 00000000 00:00 0 
7f92304ef000-7f92305ed000 rw-p 00000000 00:00 0 
7f92305ed000-7f92305f0000 ---p 00000000 00:00 0 
7f92305f0000-7f92306ee000 rw-p 00000000 00:00 0 
7f92306ee000-7f92310ad000 r--p 00000000 103:07 925544                    /usr/lib/locale/locale-archive
7f92310ad000-7f92310b0000 ---p 00000000 00:00 0 
7f92310b0000-7f92311ae000 rw-p 00000000 00:00 0 
7f92311ae000-7f92311b1000 ---p 00000000 00:00 0 
7f92311b1000-7f92312af000 rw-p 00000000 00:00 0 
7f92312af000-7f92312b0000 ---p 00000000 00:00 0 
7f92312b0000-7f9234000000 rw-p 00000000 00:00 0 
7f9234000000-7f92342d8000 rw-p 00000000 00:00 0 
7f92342d8000-7f9238000000 ---p 00000000 00:00 0 
7f9238000000-7f92390d6000 rw-p 00000000 00:00 0 
7f92390d6000-7f923c000000 ---p 00000000 00:00 0 
7f923c000000-7f923de34000 rw-p 00000000 00:00 0 
7f923de34000-7f9240000000 ---p 00000000 00:00 0 
7f9240000000-7f92421dc000 rw-p 00000000 00:00 0 
7f92421dc000-7f9244000000 ---p 00000000 00:00 0 
7f9244000000-7f9244021000 rw-p 00000000 00:00 0 
7f9244021000-7f9248000000 ---p 00000000 00:00 0 
7f9248000000-7f9248549000 rw-p 00000000 00:00 0 
7f9248549000-7f924c000000 ---p 00000000 00:00 0 
7f924c001000-7f924c004000 r--s 0004b000 103:07 1595351                   /home/wry/stanford-corenlp-4.1.0/xom-1.3.2-sources.jar
7f924c004000-7f924c006000 r--s 0000c000 103:07 1595324                   /home/wry/stanford-corenlp-4.1.0/javax.activation-api-1.2.0.jar
7f924c006000-7f924c008000 r--s 00012000 103:07 1595305                   /home/wry/stanford-corenlp-4.1.0/javax.activation-api-1.2.0-sources.jar
7f924c008000-7f924c029000 rw-p 00000000 00:00 0 
7f924c029000-7f924c1f9000 r--s 03c94000 103:07 936635                    /usr/lib/jvm/java-8-openjdk-amd64/jre/lib/rt.jar
7f924c1f9000-7f924c1fa000 ---p 00000000 00:00 0 
7f924c1fa000-7f924c2fa000 rw-p 00000000 00:00 0 
7f924c2fa000-7f924c2fb000 ---p 00000000 00:00 0 
7f924c2fb000-7f924c3fb000 rw-p 00000000 00:00 0 
7f924c3fb000-7f924c3fc000 ---p 00000000 00:00 0 
7f924c3fc000-7f924c4fc000 rw-p 00000000 00:00 0 
7f924c4fc000-7f924c4fd000 ---p 00000000 00:00 0 
7f924c4fd000-7f924c5fd000 rw-p 00000000 00:00 0 
7f924c5fd000-7f924c5fe000 ---p 00000000 00:00 0 
7f924c5fe000-7f924c6fe000 rw-p 00000000 00:00 0 
7f924c6fe000-7f924c6ff000 ---p 00000000 00:00 0 
7f924c6ff000-7f924c9c4000 rw-p 00000000 00:00 0 
7f924c9c4000-7f924cd54000 ---p 00000000 00:00 0 
7f924cd54000-7f924cef0000 rw-p 00000000 00:00 0 
7f924cef0000-7f924cfff000 ---p 00000000 00:00 0 
7f924cfff000-7f924d000000 rw-p 00000000 00:00 0 
7f924d000000-7f924d2f0000 rwxp 00000000 00:00 0 
7f924d2f0000-7f925c000000 ---p 00000000 00:00 0 
7f925c000000-7f925c405000 rw-p 00000000 00:00 0 
7f925c405000-7f9260000000 ---p 00000000 00:00 0 
7f9260000000-7f9260001000 r--s 00002000 103:07 1595354                   /home/wry/stanford-corenlp-4.1.0/slf4j-simple.jar
7f9260001000-7f9260005000 r--s 0001c000 103:07 1595304                   /home/wry/stanford-corenlp-4.1.0/jaxb-api-2.4.0-b180830.0359.jar
7f9260005000-7f9260006000 r--s 00007000 103:07 1595361                   /home/wry/stanford-corenlp-4.1.0/slf4j-api.jar
7f9260006000-7f9260008000 r--s 00011000 103:07 1595320                   /home/wry/stanford-corenlp-4.1.0/ejml-simple-0.38-sources.jar
7f9260008000-7f926000b000 r--s 0000f000 103:07 922334                    /usr/lib/jvm/java-8-openjdk-amd64/jre/lib/ext/icedtea-sound.jar
7f926000b000-7f926000f000 r--s 00040000 103:07 922320                    /usr/lib/jvm/java-8-openjdk-amd64/jre/lib/ext/sunpkcs11.jar
7f926000f000-7f92600a6000 rw-p 00000000 00:00 0 
7f92600a6000-7f92600a7000 ---p 00000000 00:00 0 
7f92600a7000-7f92601a7000 rw-p 00000000 00:00 0 
7f92601a7000-7f92601a8000 ---p 00000000 00:00 0 
7f92601a8000-7f926046d000 rw-p 00000000 00:00 0 
7f926046d000-7f92607fe000 ---p 00000000 00:00 0 
7f92607fe000-7f926080a000 rw-p 00000000 00:00 0 
7f926080a000-7f9260bbe000 ---p 00000000 00:00 0 
7f9260bbe000-7f9260bc6000 r-xp 00000000 103:07 922366                    /usr/lib/jvm/java-8-openjdk-amd64/jre/lib/amd64/libzip.so
7f9260bc6000-7f9260dc5000 ---p 00008000 103:07 922366                    /usr/lib/jvm/java-8-openjdk-amd64/jre/lib/amd64/libzip.so
7f9260dc5000-7f9260dc6000 r--p 00007000 103:07 922366                    /usr/lib/jvm/java-8-openjdk-amd64/jre/lib/amd64/libzip.so
7f9260dc6000-7f9260dc7000 rw-p 00008000 103:07 922366                    /usr/lib/jvm/java-8-openjdk-amd64/jre/lib/amd64/libzip.so
7f9260dc7000-7f9260dd2000 r-xp 00000000 103:07 1053650                   /lib/x86_64-linux-gnu/libnss_files-2.23.so
7f9260dd2000-7f9260fd1000 ---p 0000b000 103:07 1053650                   /lib/x86_64-linux-gnu/libnss_files-2.23.so
7f9260fd1000-7f9260fd2000 r--p 0000a000 103:07 1053650                   /lib/x86_64-linux-gnu/libnss_files-2.23.so
7f9260fd2000-7f9260fd3000 rw-p 0000b000 103:07 1053650                   /lib/x86_64-linux-gnu/libnss_files-2.23.so
7f9260fd3000-7f9260fd9000 rw-p 00000000 00:00 0 
7f9260fd9000-7f9260fe4000 r-xp 00000000 103:07 1053660                   /lib/x86_64-linux-gnu/libnss_nis-2.23.so
7f9260fe4000-7f92611e3000 ---p 0000b000 103:07 1053660                   /lib/x86_64-linux-gnu/libnss_nis-2.23.so
7f92611e3000-7f92611e4000 r--p 0000a000 103:07 1053660                   /lib/x86_64-linux-gnu/libnss_nis-2.23.so
7f92611e4000-7f92611e5000 rw-p 0000b000 103:07 1053660                   /lib/x86_64-linux-gnu/libnss_nis-2.23.so
7f92611e5000-7f92611fb000 r-xp 00000000 103:07 1053644                   /lib/x86_64-linux-gnu/libnsl-2.23.so
7f92611fb000-7f92613fa000 ---p 00016000 103:07 1053644                   /lib/x86_64-linux-gnu/libnsl-2.23.so
7f92613fa000-7f92613fb000 r--p 00015000 103:07 1053644                   /lib/x86_64-linux-gnu/libnsl-2.23.so
7f92613fb000-7f92613fc000 rw-p 00016000 103:07 1053644                   /lib/x86_64-linux-gnu/libnsl-2.23.so
7f92613fc000-7f92613fe000 rw-p 00000000 00:00 0 
7f92613fe000-7f9261406000 r-xp 00000000 103:07 1053646                   /lib/x86_64-linux-gnu/libnss_compat-2.23.so
7f9261406000-7f9261605000 ---p 00008000 103:07 1053646                   /lib/x86_64-linux-gnu/libnss_compat-2.23.so
7f9261605000-7f9261606000 r--p 00007000 103:07 1053646                   /lib/x86_64-linux-gnu/libnss_compat-2.23.so
7f9261606000-7f9261607000 rw-p 00008000 103:07 1053646                   /lib/x86_64-linux-gnu/libnss_compat-2.23.so
7f9261607000-7f9261631000 r-xp 00000000 103:07 928318                    /usr/lib/jvm/java-8-openjdk-amd64/jre/lib/amd64/libjava.so
7f9261631000-7f9261830000 ---p 0002a000 103:07 928318                    /usr/lib/jvm/java-8-openjdk-amd64/jre/lib/amd64/libjava.so
7f9261830000-7f9261831000 r--p 00029000 103:07 928318                    /usr/lib/jvm/java-8-openjdk-amd64/jre/lib/amd64/libjava.so
7f9261831000-7f9261833000 rw-p 0002a000 103:07 928318                    /usr/lib/jvm/java-8-openjdk-amd64/jre/lib/amd64/libjava.so
7f9261833000-7f9261842000 r-xp 00000000 103:07 927863                    /usr/lib/jvm/java-8-openjdk-amd64/jre/lib/amd64/libverify.so
7f9261842000-7f9261a41000 ---p 0000f000 103:07 927863                    /usr/lib/jvm/java-8-openjdk-amd64/jre/lib/amd64/libverify.so
7f9261a41000-7f9261a43000 r--p 0000e000 103:07 927863                    /usr/lib/jvm/java-8-openjdk-amd64/jre/lib/amd64/libverify.so
7f9261a43000-7f9261a44000 rw-p 00010000 103:07 927863                    /usr/lib/jvm/java-8-openjdk-amd64/jre/lib/amd64/libverify.so
7f9261a44000-7f9261a4b000 r-xp 00000000 103:07 1053705                   /lib/x86_64-linux-gnu/librt-2.23.so
7f9261a4b000-7f9261c4a000 ---p 00007000 103:07 1053705                   /lib/x86_64-linux-gnu/librt-2.23.so
7f9261c4a000-7f9261c4b000 r--p 00006000 103:07 1053705                   /lib/x86_64-linux-gnu/librt-2.23.so
7f9261c4b000-7f9261c4c000 rw-p 00007000 103:07 1053705                   /lib/x86_64-linux-gnu/librt-2.23.so
7f9261c4c000-7f9261c62000 r-xp 00000000 103:07 1053589                   /lib/x86_64-linux-gnu/libgcc_s.so.1
7f9261c62000-7f9261e61000 ---p 00016000 103:07 1053589                   /lib/x86_64-linux-gnu/libgcc_s.so.1
7f9261e61000-7f9261e62000 rw-p 00015000 103:07 1053589                   /lib/x86_64-linux-gnu/libgcc_s.so.1
7f9261e62000-7f9261f6a000 r-xp 00000000 103:07 1053621                   /lib/x86_64-linux-gnu/libm-2.23.so
7f9261f6a000-7f9262169000 ---p 00108000 103:07 1053621                   /lib/x86_64-linux-gnu/libm-2.23.so
7f9262169000-7f926216a000 r--p 00107000 103:07 1053621                   /lib/x86_64-linux-gnu/libm-2.23.so
7f926216a000-7f926216b000 rw-p 00108000 103:07 1053621                   /lib/x86_64-linux-gnu/libm-2.23.so
7f926216b000-7f92622dd000 r-xp 00000000 103:07 928015                    /usr/lib/x86_64-linux-gnu/libstdc++.so.6.0.21
7f92622dd000-7f92624dd000 ---p 00172000 103:07 928015                    /usr/lib/x86_64-linux-gnu/libstdc++.so.6.0.21
7f92624dd000-7f92624e7000 r--p 00172000 103:07 928015                    /usr/lib/x86_64-linux-gnu/libstdc++.so.6.0.21
7f92624e7000-7f92624e9000 rw-p 0017c000 103:07 928015                    /usr/lib/x86_64-linux-gnu/libstdc++.so.6.0.21
7f92624e9000-7f92624ed000 rw-p 00000000 00:00 0 
7f92624ed000-7f9263212000 r-xp 00000000 103:07 927280                    /usr/lib/jvm/java-8-openjdk-amd64/jre/lib/amd64/server/libjvm.so
7f9263212000-7f9263411000 ---p 00d25000 103:07 927280                    /usr/lib/jvm/java-8-openjdk-amd64/jre/lib/amd64/server/libjvm.so
7f9263411000-7f92634a7000 r--p 00d24000 103:07 927280                    /usr/lib/jvm/java-8-openjdk-amd64/jre/lib/amd64/server/libjvm.so
7f92634a7000-7f92634d0000 rw-p 00dba000 103:07 927280                    /usr/lib/jvm/java-8-openjdk-amd64/jre/lib/amd64/server/libjvm.so
7f92634d0000-7f9263503000 rw-p 00000000 00:00 0 
7f9263503000-7f926351b000 r-xp 00000000 103:07 1053697                   /lib/x86_64-linux-gnu/libpthread-2.23.so
7f926351b000-7f926371a000 ---p 00018000 103:07 1053697                   /lib/x86_64-linux-gnu/libpthread-2.23.so
7f926371a000-7f926371b000 r--p 00017000 103:07 1053697                   /lib/x86_64-linux-gnu/libpthread-2.23.so
7f926371b000-7f926371c000 rw-p 00018000 103:07 1053697                   /lib/x86_64-linux-gnu/libpthread-2.23.so
7f926371c000-7f9263720000 rw-p 00000000 00:00 0 
7f9263720000-7f9263723000 r-xp 00000000 103:07 1053575                   /lib/x86_64-linux-gnu/libdl-2.23.so
7f9263723000-7f9263922000 ---p 00003000 103:07 1053575                   /lib/x86_64-linux-gnu/libdl-2.23.so
7f9263922000-7f9263923000 r--p 00002000 103:07 1053575                   /lib/x86_64-linux-gnu/libdl-2.23.so
7f9263923000-7f9263924000 rw-p 00003000 103:07 1053575                   /lib/x86_64-linux-gnu/libdl-2.23.so
7f9263924000-7f926393d000 r-xp 00000000 103:07 1053742                   /lib/x86_64-linux-gnu/libz.so.1.2.8
7f926393d000-7f9263b3c000 ---p 00019000 103:07 1053742                   /lib/x86_64-linux-gnu/libz.so.1.2.8
7f9263b3c000-7f9263b3d000 r--p 00018000 103:07 1053742                   /lib/x86_64-linux-gnu/libz.so.1.2.8
7f9263b3d000-7f9263b3e000 rw-p 00019000 103:07 1053742                   /lib/x86_64-linux-gnu/libz.so.1.2.8
7f9263b3e000-7f9263cfe000 r-xp 00000000 103:07 1053551                   /lib/x86_64-linux-gnu/libc-2.23.so
7f9263cfe000-7f9263efe000 ---p 001c0000 103:07 1053551                   /lib/x86_64-linux-gnu/libc-2.23.so
7f9263efe000-7f9263f02000 r--p 001c0000 103:07 1053551                   /lib/x86_64-linux-gnu/libc-2.23.so
7f9263f02000-7f9263f04000 rw-p 001c4000 103:07 1053551                   /lib/x86_64-linux-gnu/libc-2.23.so
7f9263f04000-7f9263f08000 rw-p 00000000 00:00 0 
7f9263f08000-7f9263f16000 r-xp 00000000 103:07 936610                    /usr/lib/jvm/java-8-openjdk-amd64/jre/lib/amd64/jli/libjli.so
7f9263f16000-7f9264115000 ---p 0000e000 103:07 936610                    /usr/lib/jvm/java-8-openjdk-amd64/jre/lib/amd64/jli/libjli.so
7f9264115000-7f9264116000 r--p 0000d000 103:07 936610                    /usr/lib/jvm/java-8-openjdk-amd64/jre/lib/amd64/jli/libjli.so
7f9264116000-7f9264117000 rw-p 0000e000 103:07 936610                    /usr/lib/jvm/java-8-openjdk-amd64/jre/lib/amd64/jli/libjli.so
7f9264117000-7f926413d000 r-xp 00000000 103:07 1053523                   /lib/x86_64-linux-gnu/ld-2.23.so
7f926413d000-7f9264147000 r--s 00117000 103:07 922324                    /usr/lib/jvm/java-8-openjdk-amd64/jre/lib/ext/localedata.jar
7f9264147000-7f926414d000 r--s 0003d000 103:07 922345                    /usr/lib/jvm/java-8-openjdk-amd64/jre/lib/ext/sunjce_provider.jar
7f926414d000-7f9264220000 rw-p 00000000 00:00 0 
7f9264220000-7f9264223000 ---p 00000000 00:00 0 
7f9264223000-7f9264325000 rw-p 00000000 00:00 0 
7f9264325000-7f9264327000 r--s 00001000 103:07 922317                    /usr/lib/jvm/java-8-openjdk-amd64/jre/lib/ext/dnsns.jar
7f9264327000-7f9264329000 r--s 00010000 103:07 922322                    /usr/lib/jvm/java-8-openjdk-amd64/jre/lib/ext/zipfs.jar
7f9264329000-7f926432a000 r--s 0000a000 103:07 922319                    /usr/lib/jvm/java-8-openjdk-amd64/jre/lib/ext/jaccess.jar
7f926432a000-7f926432b000 r--s 0000d000 103:07 922326                    /usr/lib/jvm/java-8-openjdk-amd64/jre/lib/ext/sunec.jar
7f926432b000-7f9264331000 r--s 000d3000 103:07 936639                    /usr/lib/jvm/java-8-openjdk-amd64/jre/lib/jfr.jar
7f9264331000-7f9264339000 rw-s 00000000 103:07 3553262                   /tmp/hsperfdata_wry/3433
7f9264339000-7f926433a000 rw-p 00000000 00:00 0 
7f926433a000-7f926433b000 ---p 00000000 00:00 0 
7f926433b000-7f926433c000 rw-p 00000000 00:00 0 
7f926433c000-7f926433d000 r--p 00025000 103:07 1053523                   /lib/x86_64-linux-gnu/ld-2.23.so
7f926433d000-7f926433e000 rw-p 00026000 103:07 1053523                   /lib/x86_64-linux-gnu/ld-2.23.so
7f926433e000-7f926433f000 rw-p 00000000 00:00 0 
7ffe540ed000-7ffe5410e000 rw-p 00000000 00:00 0                          [stack]
7ffe541bf000-7ffe541c2000 r--p 00000000 00:00 0                          [vvar]
7ffe541c2000-7ffe541c4000 r-xp 00000000 00:00 0                          [vdso]
ffffffffff600000-ffffffffff601000 r-xp 00000000 00:00 0                  [vsyscall]

VM Arguments:
jvm_args: -Xmx4g 
java_command: edu.stanford.nlp.pipeline.StanfordCoreNLPServer -port 9005
java_class_path (initial): /home/wry/stanford-corenlp-4.1.0/jaxb-impl-2.4.0-b180830.0438.jar:/home/wry/stanford-corenlp-4.1.0/ejml-simple-0.38-sources.jar:/home/wry/stanford-corenlp-4.1.0/slf4j-api.jar:/home/wry/stanford-corenlp-4.1.0/jaxb-api-2.4.0-b180830.0359.jar:/home/wry/stanford-corenlp-4.1.0/javax.activation-api-1.2.0-sources.jar:/home/wry/stanford-corenlp-4.1.0/jaxb-core-2.3.0.1.jar:/home/wry/stanford-corenlp-4.1.0/javax.activation-api-1.2.0.jar:/home/wry/stanford-corenlp-4.1.0/joda-time.jar:/home/wry/stanford-corenlp-4.1.0/xom-1.3.2-sources.jar:/home/wry/stanford-corenlp-4.1.0/ejml-core-0.38-sources.jar:/home/wry/stanford-corenlp-4.1.0/stanford-corenlp-4.1.0-sources.jar:/home/wry/stanford-corenlp-4.1.0/slf4j-simple.jar:/home/wry/stanford-corenlp-4.1.0/jaxb-impl-2.4.0-b180830.0438-sources.jar:/home/wry/stanford-corenlp-4.1.0/stanford-chinese-corenlp-2018-10-05-models.jar:/home/wry/stanford-corenlp-4.1.0/javax.json.jar:/home/wry/stanford-corenlp-4.1.0/stanford-corenlp-4.1.0-models.jar:/home/wry/stanford-corenlp-4.1.0/javax.json-api-1.0-sources.jar:/home/wry/stanford-corenlp-4.1.0/xom.jar:/home/wry/stanford-corenlp-4.1.0/jaxb-core-2.3.0.1-sources.jar:/home/wry/stanford-corenlp-4.1.0/ejml-core-0.38.jar:/home/wry/stanford-corenlp-4.1.0/jollyday.jar:/home/wry/stanford-corenlp-4.1.0/jollyday-0.4.9-sources.jar:/home/wry/stanford-corenlp-4.1.0/joda-time-2.10.5-sources.jar:/home/wry/stanford-corenlp-4.1.0/ejml-ddense-0.38.jar:/home/wry/stanford-corenlp-4.1.0/stanford-corenlp-4.1.0.jar:/home/wry/stanford-corenlp-4.1.0/protobuf.jar:/home/wry/stanford-corenlp-4.1.0/ejml-simple-0.38.jar:/home/wry/stanford-corenlp-4.1.0/ejml-ddense-0.38-sources.jar:/home/wry/stanford-corenlp-4.1.0/stanford-corenlp-4.1.0-javadoc.jar:/home/wry/stanford-corenlp-4.1.0/jaxb-api-2.4.0-b180830.0359-sources.jar
Launcher Type: SUN_STANDARD

Environment Variables:
PATH=/home/wry/anaconda3/bin:/home/wry/bin:/home/wry/.local/bin:/usr/local/sbin:/usr/local/bin:/usr/sbin:/usr/bin:/sbin:/bin:/usr/games:/usr/local/games:/snap/bin
SHELL=/bin/bash
DISPLAY=:0

Signal Handlers:
SIGSEGV: [libjvm.so+0xb1e930], sa_mask[0]=11111111011111111101111111111110, sa_flags=SA_RESTART|SA_SIGINFO
SIGBUS: [libjvm.so+0xb1e930], sa_mask[0]=11111111011111111101111111111110, sa_flags=SA_RESTART|SA_SIGINFO
SIGFPE: [libjvm.so+0x956440], sa_mask[0]=11111111011111111101111111111110, sa_flags=SA_RESTART|SA_SIGINFO
SIGPIPE: [libjvm.so+0x956440], sa_mask[0]=11111111011111111101111111111110, sa_flags=SA_RESTART|SA_SIGINFO
SIGXFSZ: [libjvm.so+0x956440], sa_mask[0]=11111111011111111101111111111110, sa_flags=SA_RESTART|SA_SIGINFO
SIGILL: [libjvm.so+0x956440], sa_mask[0]=11111111011111111101111111111110, sa_flags=SA_RESTART|SA_SIGINFO
SIGUSR1: SIG_DFL, sa_mask[0]=00000000000000000000000000000000, sa_flags=none
SIGUSR2: [libjvm.so+0x9562f0], sa_mask[0]=00000000000000000000000000000000, sa_flags=SA_RESTART|SA_SIGINFO
SIGHUP: [libjvm.so+0x956980], sa_mask[0]=11111111011111111101111111111110, sa_flags=SA_RESTART|SA_SIGINFO
SIGINT: [libjvm.so+0x956980], sa_mask[0]=11111111011111111101111111111110, sa_flags=SA_RESTART|SA_SIGINFO
SIGTERM: [libjvm.so+0x956980], sa_mask[0]=11111111011111111101111111111110, sa_flags=SA_RESTART|SA_SIGINFO
SIGQUIT: [libjvm.so+0x956980], sa_mask[0]=11111111011111111101111111111110, sa_flags=SA_RESTART|SA_SIGINFO


---------------  S Y S T E M  ---------------

OS:DISTRIB_ID=Ubuntu
DISTRIB_RELEASE=16.04
DISTRIB_CODENAME=xenial
DISTRIB_DESCRIPTION="Ubuntu 16.04.7 LTS"

uname:Linux 4.15.0-122-generic #124~16.04.1-Ubuntu SMP Thu Oct 15 16:08:36 UTC 2020 x86_64
libc:glibc 2.23 NPTL 2.23 
rlimit: STACK 8192k, CORE 0k, NPROC 30379, NOFILE 1048576, AS infinity
load average:3.49 2.17 1.43

/proc/meminfo:
MemTotal:        7920476 kB
MemFree:          134676 kB
MemAvailable:      28780 kB
Buffers:            1972 kB
Cached:           226368 kB
SwapCached:       140360 kB
Active:          6618940 kB
Inactive:         926396 kB
Active(anon):    6596744 kB
Inactive(anon):   911916 kB
Active(file):      22196 kB
Inactive(file):    14480 kB
Unevictable:          48 kB
Mlocked:              48 kB
SwapTotal:       7999484 kB
SwapFree:              0 kB
Dirty:               108 kB
Writeback:             0 kB
AnonPages:       7177800 kB
Mapped:           170156 kB
Shmem:            191080 kB
Slab:              83456 kB
SReclaimable:      33756 kB
SUnreclaim:        49700 kB
KernelStack:       14368 kB
PageTables:        69604 kB
NFS_Unstable:          0 kB
Bounce:                0 kB
WritebackTmp:          0 kB
CommitLimit:    11959720 kB
Committed_AS:   19567276 kB
VmallocTotal:   34359738367 kB
VmallocUsed:           0 kB
VmallocChunk:          0 kB
HardwareCorrupted:     0 kB
AnonHugePages:         0 kB
ShmemHugePages:        0 kB
ShmemPmdMapped:        0 kB
CmaTotal:              0 kB
CmaFree:               0 kB
HugePages_Total:       0
HugePages_Free:        0
HugePages_Rsvd:        0
HugePages_Surp:        0
Hugepagesize:       2048 kB
DirectMap4k:      172880 kB
DirectMap2M:     3772416 kB
DirectMap1G:     5242880 kB

container (cgroup) information:
container_type: cgroupv1
cpu_cpuset_cpus: 0-7
cpu_memory_nodes: 0
active_processor_count: 8
cpu_quota: -1
cpu_period: 100000
cpu_shares: -1
memory_limit_in_bytes: -1
memory_and_swap_limit_in_bytes: -2
memory_soft_limit_in_bytes: -1
memory_usage_in_bytes: 7715676160
memory_max_usage_in_bytes: 0


CPU:total 8 (initial active 8) (4 cores per cpu, 2 threads per core) family 6 model 142 stepping 10, cmov, cx8, fxsr, mmx, sse, sse2, sse3, ssse3, sse4.1, sse4.2, popcnt, avx, avx2, aes, clmul, erms, 3dnowpref, lzcnt, ht, tsc, tscinvbit, bmi1, bmi2, adx

/proc/cpuinfo:
processor	: 0
vendor_id	: GenuineIntel
cpu family	: 6
model		: 142
model name	: Intel(R) Core(TM) i7-8550U CPU @ 1.80GHz
stepping	: 10
microcode	: 0xd6
cpu MHz		: 3162.555
cache size	: 8192 KB
physical id	: 0
siblings	: 8
core id		: 0
cpu cores	: 4
apicid		: 0
initial apicid	: 0
fpu		: yes
fpu_exception	: yes
cpuid level	: 22
wp		: yes
flags		: fpu vme de pse tsc msr pae mce cx8 apic sep mtrr pge mca cmov pat pse36 clflush dts acpi mmx fxsr sse sse2 ss ht tm pbe syscall nx pdpe1gb rdtscp lm constant_tsc art arch_perfmon pebs bts rep_good nopl xtopology nonstop_tsc cpuid aperfmperf pni pclmulqdq dtes64 monitor ds_cpl vmx est tm2 ssse3 sdbg fma cx16 xtpr pdcm pcid sse4_1 sse4_2 x2apic movbe popcnt tsc_deadline_timer aes xsave avx f16c rdrand lahf_lm abm 3dnowprefetch cpuid_fault epb invpcid_single pti ssbd ibrs ibpb stibp tpr_shadow vnmi flexpriority ept vpid fsgsbase tsc_adjust bmi1 avx2 smep bmi2 erms invpcid mpx rdseed adx smap clflushopt intel_pt xsaveopt xsavec xgetbv1 xsaves dtherm ida arat pln pts hwp hwp_notify hwp_act_window hwp_epp md_clear flush_l1d
bugs		: cpu_meltdown spectre_v1 spectre_v2 spec_store_bypass l1tf mds swapgs itlb_multihit srbds
bogomips	: 3999.93
clflush size	: 64
cache_alignment	: 64
address sizes	: 39 bits physical, 48 bits virtual
power management:

processor	: 1
vendor_id	: GenuineIntel
cpu family	: 6
model		: 142
model name	: Intel(R) Core(TM) i7-8550U CPU @ 1.80GHz
stepping	: 10
microcode	: 0xd6
cpu MHz		: 3199.825
cache size	: 8192 KB
physical id	: 0
siblings	: 8
core id		: 1
cpu cores	: 4
apicid		: 2
initial apicid	: 2
fpu		: yes
fpu_exception	: yes
cpuid level	: 22
wp		: yes
flags		: fpu vme de pse tsc msr pae mce cx8 apic sep mtrr pge mca cmov pat pse36 clflush dts acpi mmx fxsr sse sse2 ss ht tm pbe syscall nx pdpe1gb rdtscp lm constant_tsc art arch_perfmon pebs bts rep_good nopl xtopology nonstop_tsc cpuid aperfmperf pni pclmulqdq dtes64 monitor ds_cpl vmx est tm2 ssse3 sdbg fma cx16 xtpr pdcm pcid sse4_1 sse4_2 x2apic movbe popcnt tsc_deadline_timer aes xsave avx f16c rdrand lahf_lm abm 3dnowprefetch cpuid_fault epb invpcid_single pti ssbd ibrs ibpb stibp tpr_shadow vnmi flexpriority ept vpid fsgsbase tsc_adjust bmi1 avx2 smep bmi2 erms invpcid mpx rdseed adx smap clflushopt intel_pt xsaveopt xsavec xgetbv1 xsaves dtherm ida arat pln pts hwp hwp_notify hwp_act_window hwp_epp md_clear flush_l1d
bugs		: cpu_meltdown spectre_v1 spectre_v2 spec_store_bypass l1tf mds swapgs itlb_multihit srbds
bogomips	: 3999.93
clflush size	: 64
cache_alignment	: 64
address sizes	: 39 bits physical, 48 bits virtual
power management:

processor	: 2
vendor_id	: GenuineIntel
cpu family	: 6
model		: 142
model name	: Intel(R) Core(TM) i7-8550U CPU @ 1.80GHz
stepping	: 10
microcode	: 0xd6
cpu MHz		: 3199.724
cache size	: 8192 KB
physical id	: 0
siblings	: 8
core id		: 2
cpu cores	: 4
apicid		: 4
initial apicid	: 4
fpu		: yes
fpu_exception	: yes
cpuid level	: 22
wp		: yes
flags		: fpu vme de pse tsc msr pae mce cx8 apic sep mtrr pge mca cmov pat pse36 clflush dts acpi mmx fxsr sse sse2 ss ht tm pbe syscall nx pdpe1gb rdtscp lm constant_tsc art arch_perfmon pebs bts rep_good nopl xtopology nonstop_tsc cpuid aperfmperf pni pclmulqdq dtes64 monitor ds_cpl vmx est tm2 ssse3 sdbg fma cx16 xtpr pdcm pcid sse4_1 sse4_2 x2apic movbe popcnt tsc_deadline_timer aes xsave avx f16c rdrand lahf_lm abm 3dnowprefetch cpuid_fault epb invpcid_single pti ssbd ibrs ibpb stibp tpr_shadow vnmi flexpriority ept vpid fsgsbase tsc_adjust bmi1 avx2 smep bmi2 erms invpcid mpx rdseed adx smap clflushopt intel_pt xsaveopt xsavec xgetbv1 xsaves dtherm ida arat pln pts hwp hwp_notify hwp_act_window hwp_epp md_clear flush_l1d
bugs		: cpu_meltdown spectre_v1 spectre_v2 spec_store_bypass l1tf mds swapgs itlb_multihit srbds
bogomips	: 3999.93
clflush size	: 64
cache_alignment	: 64
address sizes	: 39 bits physical, 48 bits virtual
power management:

processor	: 3
vendor_id	: GenuineIntel
cpu family	: 6
model		: 142
model name	: Intel(R) Core(TM) i7-8550U CPU @ 1.80GHz
stepping	: 10
microcode	: 0xd6
cpu MHz		: 3169.096
cache size	: 8192 KB
physical id	: 0
siblings	: 8
core id		: 3
cpu cores	: 4
apicid		: 6
initial apicid	: 6
fpu		: yes
fpu_exception	: yes
cpuid level	: 22
wp		: yes
flags		: fpu vme de pse tsc msr pae mce cx8 apic sep mtrr pge mca cmov pat pse36 clflush dts acpi mmx fxsr sse sse2 ss ht tm pbe syscall nx pdpe1gb rdtscp lm constant_tsc art arch_perfmon pebs bts rep_good nopl xtopology nonstop_tsc cpuid aperfmperf pni pclmulqdq dtes64 monitor ds_cpl vmx est tm2 ssse3 sdbg fma cx16 xtpr pdcm pcid sse4_1 sse4_2 x2apic movbe popcnt tsc_deadline_timer aes xsave avx f16c rdrand lahf_lm abm 3dnowprefetch cpuid_fault epb invpcid_single pti ssbd ibrs ibpb stibp tpr_shadow vnmi flexpriority ept vpid fsgsbase tsc_adjust bmi1 avx2 smep bmi2 erms invpcid mpx rdseed adx smap clflushopt intel_pt xsaveopt xsavec xgetbv1 xsaves dtherm ida arat pln pts hwp hwp_notify hwp_act_window hwp_epp md_clear flush_l1d
bugs		: cpu_meltdown spectre_v1 spectre_v2 spec_store_bypass l1tf mds swapgs itlb_multihit srbds
bogomips	: 3999.93
clflush size	: 64
cache_alignment	: 64
address sizes	: 39 bits physical, 48 bits virtual
power management:

processor	: 4
vendor_id	: GenuineIntel
cpu family	: 6
model		: 142
model name	: Intel(R) Core(TM) i7-8550U CPU @ 1.80GHz
stepping	: 10
microcode	: 0xd6
cpu MHz		: 3193.524
cache size	: 8192 KB
physical id	: 0
siblings	: 8
core id		: 0
cpu cores	: 4
apicid		: 1
initial apicid	: 1
fpu		: yes
fpu_exception	: yes
cpuid level	: 22
wp		: yes
flags		: fpu vme de pse tsc msr pae mce cx8 apic sep mtrr pge mca cmov pat pse36 clflush dts acpi mmx fxsr sse sse2 ss ht tm pbe syscall nx pdpe1gb rdtscp lm constant_tsc art arch_perfmon pebs bts rep_good nopl xtopology nonstop_tsc cpuid aperfmperf pni pclmulqdq dtes64 monitor ds_cpl vmx est tm2 ssse3 sdbg fma cx16 xtpr pdcm pcid sse4_1 sse4_2 x2apic movbe popcnt tsc_deadline_timer aes xsave avx f16c rdrand lahf_lm abm 3dnowprefetch cpuid_fault epb invpcid_single pti ssbd ibrs ibpb stibp tpr_shadow vnmi flexpriority ept vpid fsgsbase tsc_adjust bmi1 avx2 smep bmi2 erms invpcid mpx rdseed adx smap clflushopt intel_pt xsaveopt xsavec xgetbv1 xsaves dtherm ida arat pln pts hwp hwp_notify hwp_act_window hwp_epp md_clear flush_l1d
bugs		: cpu_meltdown spectre_v1 spectre_v2 spec_store_bypass l1tf mds swapgs itlb_multihit srbds
bogomips	: 3999.93
clflush size	: 64
cache_alignment	: 64
address sizes	: 39 bits physical, 48 bits virtual
power management:

processor	: 5
vendor_id	: GenuineIntel
cpu family	: 6
model		: 142
model name	: Intel(R) Core(TM) i7-8550U CPU @ 1.80GHz
stepping	: 10
microcode	: 0xd6
cpu MHz		: 3199.638
cache size	: 8192 KB
physical id	: 0
siblings	: 8
core id		: 1
cpu cores	: 4
apicid		: 3
initial apicid	: 3
fpu		: yes
fpu_exception	: yes
cpuid level	: 22
wp		: yes
flags		: fpu vme de pse tsc msr pae mce cx8 apic sep mtrr pge mca cmov pat pse36 clflush dts acpi mmx fxsr sse sse2 ss ht tm pbe syscall nx pdpe1gb rdtscp lm constant_tsc art arch_perfmon pebs bts rep_good nopl xtopology nonstop_tsc cpuid aperfmperf pni pclmulqdq dtes64 monitor ds_cpl vmx est tm2 ssse3 sdbg fma cx16 xtpr pdcm pcid sse4_1 sse4_2 x2apic movbe popcnt tsc_deadline_timer aes xsave avx f16c rdrand lahf_lm abm 3dnowprefetch cpuid_fault epb invpcid_single pti ssbd ibrs ibpb stibp tpr_shadow vnmi flexpriority ept vpid fsgsbase tsc_adjust bmi1 avx2 smep bmi2 erms invpcid mpx rdseed adx smap clflushopt intel_pt xsaveopt xsavec xgetbv1 xsaves dtherm ida arat pln pts hwp hwp_notify hwp_act_window hwp_epp md_clear flush_l1d
bugs		: cpu_meltdown spectre_v1 spectre_v2 spec_store_bypass l1tf mds swapgs itlb_multihit srbds
bogomips	: 3999.93
clflush size	: 64
cache_alignment	: 64
address sizes	: 39 bits physical, 48 bits virtual
power management:

processor	: 6
vendor_id	: GenuineIntel
cpu family	: 6
model		: 142
model name	: Intel(R) Core(TM) i7-8550U CPU @ 1.80GHz
stepping	: 10
microcode	: 0xd6
cpu MHz		: 3176.315
cache size	: 8192 KB
physical id	: 0
siblings	: 8
core id		: 2
cpu cores	: 4
apicid		: 5
initial apicid	: 5
fpu		: yes
fpu_exception	: yes
cpuid level	: 22
wp		: yes
flags		: fpu vme de pse tsc msr pae mce cx8 apic sep mtrr pge mca cmov pat pse36 clflush dts acpi mmx fxsr sse sse2 ss ht tm pbe syscall nx pdpe1gb rdtscp lm constant_tsc art arch_perfmon pebs bts rep_good nopl xtopology nonstop_tsc cpuid aperfmperf pni pclmulqdq dtes64 monitor ds_cpl vmx est tm2 ssse3 sdbg fma cx16 xtpr pdcm pcid sse4_1 sse4_2 x2apic movbe popcnt tsc_deadline_timer aes xsave avx f16c rdrand lahf_lm abm 3dnowprefetch cpuid_fault epb invpcid_single pti ssbd ibrs ibpb stibp tpr_shadow vnmi flexpriority ept vpid fsgsbase tsc_adjust bmi1 avx2 smep bmi2 erms invpcid mpx rdseed adx smap clflushopt intel_pt xsaveopt xsavec xgetbv1 xsaves dtherm ida arat pln pts hwp hwp_notify hwp_act_window hwp_epp md_clear flush_l1d
bugs		: cpu_meltdown spectre_v1 spectre_v2 spec_store_bypass l1tf mds swapgs itlb_multihit srbds
bogomips	: 3999.93
clflush size	: 64
cache_alignment	: 64
address sizes	: 39 bits physical, 48 bits virtual
power management:

processor	: 7
vendor_id	: GenuineIntel
cpu family	: 6
model		: 142
model name	: Intel(R) Core(TM) i7-8550U CPU @ 1.80GHz
stepping	: 10
microcode	: 0xd6
cpu MHz		: 3198.560
cache size	: 8192 KB
physical id	: 0
siblings	: 8
core id		: 3
cpu cores	: 4
apicid		: 7
initial apicid	: 7
fpu		: yes
fpu_exception	: yes
cpuid level	: 22
wp		: yes
flags		: fpu vme de pse tsc msr pae mce cx8 apic sep mtrr pge mca cmov pat pse36 clflush dts acpi mmx fxsr sse sse2 ss ht tm pbe syscall nx pdpe1gb rdtscp lm constant_tsc art arch_perfmon pebs bts rep_good nopl xtopology nonstop_tsc cpuid aperfmperf pni pclmulqdq dtes64 monitor ds_cpl vmx est tm2 ssse3 sdbg fma cx16 xtpr pdcm pcid sse4_1 sse4_2 x2apic movbe popcnt tsc_deadline_timer aes xsave avx f16c rdrand lahf_lm abm 3dnowprefetch cpuid_fault epb invpcid_single pti ssbd ibrs ibpb stibp tpr_shadow vnmi flexpriority ept vpid fsgsbase tsc_adjust bmi1 avx2 smep bmi2 erms invpcid mpx rdseed adx smap clflushopt intel_pt xsaveopt xsavec xgetbv1 xsaves dtherm ida arat pln pts hwp hwp_notify hwp_act_window hwp_epp md_clear flush_l1d
bugs		: cpu_meltdown spectre_v1 spectre_v2 spec_store_bypass l1tf mds swapgs itlb_multihit srbds
bogomips	: 3999.93
clflush size	: 64
cache_alignment	: 64
address sizes	: 39 bits physical, 48 bits virtual
power management:



Memory: 4k page, physical 7920476k(140540k free), swap 7999484k(0k free)

vm_info: OpenJDK 64-Bit Server VM (25.272-b10) for linux-amd64 JRE (1.8.0_272-8u272-b10-0ubuntu1~16.04-b10), built on Oct 26 2020 03:10:50 by "buildd" with gcc 5.4.0 20160609

time: Thu Nov 12 14:23:35 2020
timezone: CST
elapsed time: 20.786054 seconds (0d 0h 0m 20s)

